[INFO] Scanning for projects...
[INFO] 
[INFO] -------------------< com.metaxiii.fr:jacksonmapper >--------------------
[INFO] Building jacksonmapper 1.0-SNAPSHOT
[INFO]   from pom.xml
[INFO] --------------------------------[ jar ]---------------------------------
[INFO] 
[INFO] --- clean:3.5.0:clean (default-clean) @ jacksonmapper ---
[INFO] Deleting /mnt/ssd/Lab/formations/baeldung/Intro to Jackson ObjectMapper/target
[INFO] 
[INFO] --- jacoco:0.8.14:prepare-agent (prepare-agent) @ jacksonmapper ---
[INFO] argLine set to "-javaagent:/home/meta/.m2/repository/org/jacoco/org.jacoco.agent/0.8.14/org.jacoco.agent-0.8.14-runtime.jar=destfile=/mnt/ssd/Lab/formations/baeldung/Intro to Jackson ObjectMapper/target/jacoco.exec"
[INFO] 
[INFO] --- resources:3.3.1:resources (default-resources) @ jacksonmapper ---
[INFO] skip non existing resourceDirectory /mnt/ssd/Lab/formations/baeldung/Intro to Jackson ObjectMapper/src/main/resources
[INFO] skip non existing resourceDirectory /mnt/ssd/Lab/formations/baeldung/Intro to Jackson ObjectMapper/src/main/resources
[INFO] 
[INFO] --- compiler:3.15.0:compile (default-compile) @ jacksonmapper ---
[INFO] Recompiling the module because of changed source code.
[INFO] Compiling 11 source files with javac [debug parameters release 17] to target/classes
[INFO] -------------------------------------------------------------
[ERROR] COMPILATION ERROR : 
[INFO] -------------------------------------------------------------
[ERROR] /mnt/ssd/Lab/formations/baeldung/Intro to Jackson ObjectMapper/src/main/java/com/metaxiii/fr/conversion/HandlingDateFormat.java:[20,12] cannot find symbol
  symbol:   method setCar(com.metaxiii.fr.model.Car)
  location: variable request of type com.metaxiii.fr.model.Request
[ERROR] /mnt/ssd/Lab/formations/baeldung/Intro to Jackson ObjectMapper/src/main/java/com/metaxiii/fr/conversion/HandlingDateFormat.java:[21,12] cannot find symbol
  symbol:   method setDatePurcharsed(java.util.Date)
  location: variable request of type com.metaxiii.fr.model.Request
[ERROR] /mnt/ssd/Lab/formations/baeldung/Intro to Jackson ObjectMapper/src/main/java/com/metaxiii/fr/conversion/configuration/CustomCarDeserializer.java:[28,8] cannot find symbol
  symbol:   method setColor(java.lang.String)
  location: variable car of type com.metaxiii.fr.model.Car
[ERROR] /mnt/ssd/Lab/formations/baeldung/Intro to Jackson ObjectMapper/src/main/java/com/metaxiii/fr/conversion/configuration/CustomCarSerializer.java:[23,52] cannot find symbol
  symbol:   method getType()
  location: variable car of type com.metaxiii.fr.model.Car
[INFO] 4 errors 
[INFO] -------------------------------------------------------------
[INFO] ------------------------------------------------------------------------
[INFO] BUILD FAILURE
[INFO] ------------------------------------------------------------------------
[INFO] Total time:  1.253 s
[INFO] Finished at: 2026-02-13T16:07:41+01:00
[INFO] ------------------------------------------------------------------------
[ERROR] Failed to execute goal org.apache.maven.plugins:maven-compiler-plugin:3.15.0:compile (default-compile) on project jacksonmapper: Compilation failure: Compilation failure: 
[ERROR] /mnt/ssd/Lab/formations/baeldung/Intro to Jackson ObjectMapper/src/main/java/com/metaxiii/fr/conversion/HandlingDateFormat.java:[20,12] cannot find symbol
[ERROR]   symbol:   method setCar(com.metaxiii.fr.model.Car)
[ERROR]   location: variable request of type com.metaxiii.fr.model.Request
[ERROR] /mnt/ssd/Lab/formations/baeldung/Intro to Jackson ObjectMapper/src/main/java/com/metaxiii/fr/conversion/HandlingDateFormat.java:[21,12] cannot find symbol
[ERROR]   symbol:   method setDatePurcharsed(java.util.Date)
[ERROR]   location: variable request of type com.metaxiii.fr.model.Request
[ERROR] /mnt/ssd/Lab/formations/baeldung/Intro to Jackson ObjectMapper/src/main/java/com/metaxiii/fr/conversion/configuration/CustomCarDeserializer.java:[28,8] cannot find symbol
[ERROR]   symbol:   method setColor(java.lang.String)
[ERROR]   location: variable car of type com.metaxiii.fr.model.Car
[ERROR] /mnt/ssd/Lab/formations/baeldung/Intro to Jackson ObjectMapper/src/main/java/com/metaxiii/fr/conversion/configuration/CustomCarSerializer.java:[23,52] cannot find symbol
[ERROR]   symbol:   method getType()
[ERROR]   location: variable car of type com.metaxiii.fr.model.Car
[ERROR] -> [Help 1]
[ERROR] 
[ERROR] To see the full stack trace of the errors, re-run Maven with the -e switch.
[ERROR] Re-run Maven using the -X switch to enable full debug logging.
[ERROR] 
[ERROR] For more information about the errors and possible solutions, please read the following articles:
[ERROR] [Help 1] http://cwiki.apache.org/confluence/display/MAVEN/MojoFailureException
